2018-08-28 09:56:38.219 DEBUG 18344 --- [restartedMain] o.s.w.c.s.StandardServletEnvironment     : Adding PropertySource 'configurationProperties' with highest search precedence
2018-08-28 09:56:38.711 DEBUG 18344 --- [restartedMain] o.s.w.c.s.StandardServletEnvironment     : Adding PropertySource 'servletConfigInitParams' with lowest search precedence
2018-08-28 09:56:38.713 DEBUG 18344 --- [restartedMain] o.s.w.c.s.StandardServletEnvironment     : Adding PropertySource 'servletContextInitParams' with lowest search precedence
2018-08-28 09:56:38.713 DEBUG 18344 --- [restartedMain] o.s.w.c.s.StandardServletEnvironment     : Adding PropertySource 'systemProperties' with lowest search precedence
2018-08-28 09:56:38.714 DEBUG 18344 --- [restartedMain] o.s.w.c.s.StandardServletEnvironment     : Adding PropertySource 'systemEnvironment' with lowest search precedence
2018-08-28 09:56:38.714 DEBUG 18344 --- [restartedMain] o.s.w.c.s.StandardServletEnvironment     : Initialized StandardServletEnvironment with PropertySources [StubPropertySource {name='servletConfigInitParams'}, StubPropertySource {name='servletContextInitParams'}, MapPropertySource {name='systemProperties'}, SystemEnvironmentPropertySource {name='systemEnvironment'}]
2018-08-28 09:56:39.071  INFO 18344 --- [restartedMain] c.b.s.SpringbootdemoApplication          : Starting SpringbootdemoApplication on 20170822-003553 with PID 18344 (E:\springbootworkspaces\target\classes started by Administrator in E:\springbootworkspaces)
2018-08-28 09:56:39.072  INFO 18344 --- [restartedMain] c.b.s.SpringbootdemoApplication          : No active profile set, falling back to default profiles: default
2018-08-28 09:56:39.289  INFO 18344 --- [restartedMain] ConfigServletWebServerApplicationContext : Refreshing org.springframework.boot.web.servlet.context.AnnotationConfigServletWebServerApplicationContext@4d5407a7: startup date [Tue Aug 28 09:56:39 CST 2018]; root of context hierarchy
2018-08-28 09:56:41.243  INFO 18344 --- [restartedMain] o.s.b.f.s.DefaultListableBeanFactory     : Overriding bean definition for bean 'dataSource' with a different definition: replacing [Root bean: class [null]; scope=; abstract=false; lazyInit=false; autowireMode=3; dependencyCheck=0; autowireCandidate=true; primary=false; factoryBeanName=org.springframework.boot.autoconfigure.jdbc.DataSourceConfiguration$Generic; factoryMethodName=dataSource; initMethodName=null; destroyMethodName=(inferred); defined in class path resource [org/springframework/boot/autoconfigure/jdbc/DataSourceConfiguration$Generic.class]] with [Root bean: class [null]; scope=; abstract=false; lazyInit=false; autowireMode=3; dependencyCheck=0; autowireCandidate=true; primary=false; factoryBeanName=org.springframework.boot.autoconfigure.jdbc.DataSourceConfiguration$Dbcp2; factoryMethodName=dataSource; initMethodName=null; destroyMethodName=(inferred); defined in class path resource [org/springframework/boot/autoconfigure/jdbc/DataSourceConfiguration$Dbcp2.class]]
2018-08-28 09:56:41.693 DEBUG 18344 --- [restartedMain] o.s.w.c.s.StandardServletEnvironment     : Removing PropertySource 'defaultProperties'
2018-08-28 09:56:42.861  INFO 18344 --- [restartedMain] o.s.b.w.embedded.tomcat.TomcatWebServer  : Tomcat initialized with port(s): 8080 (http)
2018-08-28 09:56:42.929  INFO 18344 --- [restartedMain] o.apache.catalina.core.StandardService   : Starting service [Tomcat]
2018-08-28 09:56:42.929  INFO 18344 --- [restartedMain] org.apache.catalina.core.StandardEngine  : Starting Servlet Engine: Apache Tomcat/8.5.29
2018-08-28 09:56:42.934  INFO 18344 --- [localhost-startStop-1] o.a.catalina.core.AprLifecycleListener   : The APR based Apache Tomcat Native library which allows optimal performance in production environments was not found on the java.library.path: [D:\Program Files\Java\jdk1.8.0_162\bin;C:\Windows\Sun\Java\bin;C:\Windows\system32;C:\Windows;C:\ProgramData\Oracle\Java\javapath;C:\Windows\system32;C:\Windows;C:\Windows\System32\Wbem;C:\Windows\System32\WindowsPowerShell\v1.0\;D:\Program Files (x86)\Microsoft SQL Server\100\Tools\Binn\;D:\Program Files (x86)\Microsoft SQL Server\100\DTS\Binn\;D:\Program Files (x86)\Microsoft SQL Server\100\Tools\Binn\VSShell\Common7\IDE\;C:\Program Files (x86)\Microsoft Visual Studio 9.0\Common7\IDE\PrivateAssemblies\;C:\Program Files (x86)\Windows Kits\8.1\Windows Performance Toolkit\;D:\Program Files\Java\jdk1.7.0_75\bin\;D:\Program Files\MySQL\MySQL Server 5.5\bin;D:\Program Files\Java\jdk1.7.0_75;%JRE_HOME%;D:\HadoopEnviroment\hadoop-2.6.0\bin;D:\Program Files\Java\apache-maven-3.5.3\bin;.]
2018-08-28 09:56:43.176  INFO 18344 --- [localhost-startStop-1] o.a.c.c.C.[Tomcat].[localhost].[/]       : Initializing Spring embedded WebApplicationContext
2018-08-28 09:56:43.176 DEBUG 18344 --- [localhost-startStop-1] o.s.web.context.ContextLoader            : Published root WebApplicationContext as ServletContext attribute with name [org.springframework.web.context.WebApplicationContext.ROOT]
2018-08-28 09:56:43.176  INFO 18344 --- [localhost-startStop-1] o.s.web.context.ContextLoader            : Root WebApplicationContext: initialization completed in 3887 ms
2018-08-28 09:56:43.371  INFO 18344 --- [localhost-startStop-1] o.s.b.w.servlet.ServletRegistrationBean  : Servlet dispatcherServlet mapped to [/]
2018-08-28 09:56:43.377  INFO 18344 --- [localhost-startStop-1] o.s.b.w.servlet.FilterRegistrationBean   : Mapping filter: 'characterEncodingFilter' to: [/*]
2018-08-28 09:56:43.378  INFO 18344 --- [localhost-startStop-1] o.s.b.w.servlet.FilterRegistrationBean   : Mapping filter: 'hiddenHttpMethodFilter' to: [/*]
2018-08-28 09:56:43.378  INFO 18344 --- [localhost-startStop-1] o.s.b.w.servlet.FilterRegistrationBean   : Mapping filter: 'httpPutFormContentFilter' to: [/*]
2018-08-28 09:56:43.378  INFO 18344 --- [localhost-startStop-1] o.s.b.w.servlet.FilterRegistrationBean   : Mapping filter: 'requestContextFilter' to: [/*]
2018-08-28 09:56:43.470 DEBUG 18344 --- [restartedMain] o.s.w.c.s.StandardServletEnvironment     : Replacing PropertySource 'servletContextInitParams' with 'servletContextInitParams'
2018-08-28 09:56:44.382  INFO 18344 --- [restartedMain] o.s.w.s.handler.SimpleUrlHandlerMapping  : Mapped URL path [/**/favicon.ico] onto handler of type [class org.springframework.web.servlet.resource.ResourceHttpRequestHandler]
2018-08-28 09:56:44.944  INFO 18344 --- [restartedMain] s.w.s.m.m.a.RequestMappingHandlerAdapter : Looking for @ControllerAdvice: org.springframework.boot.web.servlet.context.AnnotationConfigServletWebServerApplicationContext@4d5407a7: startup date [Tue Aug 28 09:56:39 CST 2018]; root of context hierarchy
2018-08-28 09:56:45.031 DEBUG 18344 --- [restartedMain] s.w.s.m.m.a.RequestMappingHandlerMapping : Looking for request mappings in application context: org.springframework.boot.web.servlet.context.AnnotationConfigServletWebServerApplicationContext@4d5407a7: startup date [Tue Aug 28 09:56:39 CST 2018]; root of context hierarchy
2018-08-28 09:56:45.048 DEBUG 18344 --- [restartedMain] s.w.s.m.m.a.RequestMappingHandlerMapping : 8 request handler methods found on class cn.bdqn.springbootdemo.controller.GradeController: {public java.lang.String cn.bdqn.springbootdemo.controller.GradeController.index()={[/index/main]}, public java.lang.String cn.bdqn.springbootdemo.controller.GradeController.register()={[/index/reg]}, public org.springframework.web.servlet.ModelAndView cn.bdqn.springbootdemo.controller.GradeController.list(org.springframework.web.servlet.ModelAndView)={[/index/grade]}, public java.lang.String cn.bdqn.springbootdemo.controller.GradeController.login()={[/index/login]}, public java.lang.String cn.bdqn.springbootdemo.controller.GradeController.course()={[/index/course]}, public org.springframework.web.servlet.ModelAndView cn.bdqn.springbootdemo.controller.GradeController.information(org.springframework.web.servlet.ModelAndView)={[/index/info]}, public java.lang.String cn.bdqn.springbootdemo.controller.GradeController.play()={[/index/play]}, public java.lang.String cn.bdqn.springbootdemo.controller.GradeController.upload()={[/index/upload]}}
2018-08-28 09:56:45.048  INFO 18344 --- [restartedMain] s.w.s.m.m.a.RequestMappingHandlerMapping : Mapped "{[/index/main]}" onto public java.lang.String cn.bdqn.springbootdemo.controller.GradeController.index()
2018-08-28 09:56:45.050  INFO 18344 --- [restartedMain] s.w.s.m.m.a.RequestMappingHandlerMapping : Mapped "{[/index/reg]}" onto public java.lang.String cn.bdqn.springbootdemo.controller.GradeController.register()
2018-08-28 09:56:45.052  INFO 18344 --- [restartedMain] s.w.s.m.m.a.RequestMappingHandlerMapping : Mapped "{[/index/grade]}" onto public org.springframework.web.servlet.ModelAndView cn.bdqn.springbootdemo.controller.GradeController.list(org.springframework.web.servlet.ModelAndView)
2018-08-28 09:56:45.053  INFO 18344 --- [restartedMain] s.w.s.m.m.a.RequestMappingHandlerMapping : Mapped "{[/index/login]}" onto public java.lang.String cn.bdqn.springbootdemo.controller.GradeController.login()
2018-08-28 09:56:45.054  INFO 18344 --- [restartedMain] s.w.s.m.m.a.RequestMappingHandlerMapping : Mapped "{[/index/course]}" onto public java.lang.String cn.bdqn.springbootdemo.controller.GradeController.course()
2018-08-28 09:56:45.054  INFO 18344 --- [restartedMain] s.w.s.m.m.a.RequestMappingHandlerMapping : Mapped "{[/index/info]}" onto public org.springframework.web.servlet.ModelAndView cn.bdqn.springbootdemo.controller.GradeController.information(org.springframework.web.servlet.ModelAndView)
2018-08-28 09:56:45.055  INFO 18344 --- [restartedMain] s.w.s.m.m.a.RequestMappingHandlerMapping : Mapped "{[/index/play]}" onto public java.lang.String cn.bdqn.springbootdemo.controller.GradeController.play()
2018-08-28 09:56:45.055  INFO 18344 --- [restartedMain] s.w.s.m.m.a.RequestMappingHandlerMapping : Mapped "{[/index/upload]}" onto public java.lang.String cn.bdqn.springbootdemo.controller.GradeController.upload()
2018-08-28 09:56:45.058 DEBUG 18344 --- [restartedMain] s.w.s.m.m.a.RequestMappingHandlerMapping : 2 request handler methods found on class org.springframework.boot.autoconfigure.web.servlet.error.BasicErrorController: {public org.springframework.http.ResponseEntity org.springframework.boot.autoconfigure.web.servlet.error.BasicErrorController.error(javax.servlet.http.HttpServletRequest)={[/error]}, public org.springframework.web.servlet.ModelAndView org.springframework.boot.autoconfigure.web.servlet.error.BasicErrorController.errorHtml(javax.servlet.http.HttpServletRequest,javax.servlet.http.HttpServletResponse)={[/error],produces=[text/html]}}
2018-08-28 09:56:45.059  INFO 18344 --- [restartedMain] s.w.s.m.m.a.RequestMappingHandlerMapping : Mapped "{[/error]}" onto public org.springframework.http.ResponseEntity<java.util.Map<java.lang.String, java.lang.Object>> org.springframework.boot.autoconfigure.web.servlet.error.BasicErrorController.error(javax.servlet.http.HttpServletRequest)
2018-08-28 09:56:45.059  INFO 18344 --- [restartedMain] s.w.s.m.m.a.RequestMappingHandlerMapping : Mapped "{[/error],produces=[text/html]}" onto public org.springframework.web.servlet.ModelAndView org.springframework.boot.autoconfigure.web.servlet.error.BasicErrorController.errorHtml(javax.servlet.http.HttpServletRequest,javax.servlet.http.HttpServletResponse)
2018-08-28 09:56:45.084 DEBUG 18344 --- [restartedMain] o.s.w.s.h.BeanNameUrlHandlerMapping      : Looking for URL mappings in application context: org.springframework.boot.web.servlet.context.AnnotationConfigServletWebServerApplicationContext@4d5407a7: startup date [Tue Aug 28 09:56:39 CST 2018]; root of context hierarchy
2018-08-28 09:56:45.084 DEBUG 18344 --- [restartedMain] o.s.w.s.h.BeanNameUrlHandlerMapping      : Rejected bean name 'org.springframework.context.annotation.internalConfigurationAnnotationProcessor': no URL paths identified
2018-08-28 09:56:45.085 DEBUG 18344 --- [restartedMain] o.s.w.s.h.BeanNameUrlHandlerMapping      : Rejected bean name 'org.springframework.context.annotation.internalAutowiredAnnotationProcessor': no URL paths identified
2018-08-28 09:56:45.085 DEBUG 18344 --- [restartedMain] o.s.w.s.h.BeanNameUrlHandlerMapping      : Rejected bean name 'org.springframework.context.annotation.internalRequiredAnnotationProcessor': no URL paths identified
2018-08-28 09:56:45.085 DEBUG 18344 --- [restartedMain] o.s.w.s.h.BeanNameUrlHandlerMapping      : Rejected bean name 'org.springframework.context.annotation.internalCommonAnnotationProcessor': no URL paths identified
2018-08-28 09:56:45.085 DEBUG 18344 --- [restartedMain] o.s.w.s.h.BeanNameUrlHandlerMapping      : Rejected bean name 'org.springframework.context.event.internalEventListenerProcessor': no URL paths identified
2018-08-28 09:56:45.085 DEBUG 18344 --- [restartedMain] o.s.w.s.h.BeanNameUrlHandlerMapping      : Rejected bean name 'org.springframework.context.event.internalEventListenerFactory': no URL paths identified
2018-08-28 09:56:45.085 DEBUG 18344 --- [restartedMain] o.s.w.s.h.BeanNameUrlHandlerMapping      : Rejected bean name 'springbootdemoApplication': no URL paths identified
2018-08-28 09:56:45.085 DEBUG 18344 --- [restartedMain] o.s.w.s.h.BeanNameUrlHandlerMapping      : Rejected bean name 'org.springframework.boot.autoconfigure.internalCachingMetadataReaderFactory': no URL paths identified
2018-08-28 09:56:45.085 DEBUG 18344 --- [restartedMain] o.s.w.s.h.BeanNameUrlHandlerMapping      : Rejected bean name 'gradeController': no URL paths identified
2018-08-28 09:56:45.085 DEBUG 18344 --- [restartedMain] o.s.w.s.h.BeanNameUrlHandlerMapping      : Rejected bean name 'gradeServiceImpl': no URL paths identified
2018-08-28 09:56:45.086 DEBUG 18344 --- [restartedMain] o.s.w.s.h.BeanNameUrlHandlerMapping      : Rejected bean name 'videoServiceImpl': no URL paths identified
2018-08-28 09:56:45.086 DEBUG 18344 --- [restartedMain] o.s.w.s.h.BeanNameUrlHandlerMapping      : Rejected bean name 'org.springframework.boot.autoconfigure.AutoConfigurationPackages': no URL paths identified
2018-08-28 09:56:45.086 DEBUG 18344 --- [restartedMain] o.s.w.s.h.BeanNameUrlHandlerMapping      : Rejected bean name 'gradeMapper': no URL paths identified
2018-08-28 09:56:45.086 DEBUG 18344 --- [restartedMain] o.s.w.s.h.BeanNameUrlHandlerMapping      : Rejected bean name 'videoMapper': no URL paths identified
2018-08-28 09:56:45.088 DEBUG 18344 --- [restartedMain] o.s.w.s.h.BeanNameUrlHandlerMapping      : Rejected bean name 'org.springframework.boot.autoconfigure.context.PropertyPlaceholderAutoConfiguration': no URL paths identified
2018-08-28 09:56:45.088 DEBUG 18344 --- [restartedMain] o.s.w.s.h.BeanNameUrlHandlerMapping      : Rejected bean name 'org.springframework.boot.autoconfigure.condition.BeanTypeRegistry': no URL paths identified
2018-08-28 09:56:45.088 DEBUG 18344 --- [restartedMain] o.s.w.s.h.BeanNameUrlHandlerMapping      : Rejected bean name 'propertySourcesPlaceholderConfigurer': no URL paths identified
2018-08-28 09:56:45.088 DEBUG 18344 --- [restartedMain] o.s.w.s.h.BeanNameUrlHandlerMapping      : Rejected bean name 'org.springframework.boot.autoconfigure.websocket.servlet.WebSocketServletAutoConfiguration$TomcatWebSocketConfiguration': no URL paths identified
2018-08-28 09:56:45.088 DEBUG 18344 --- [restartedMain] o.s.w.s.h.BeanNameUrlHandlerMapping      : Rejected bean name 'websocketContainerCustomizer': no URL paths identified
2018-08-28 09:56:45.088 DEBUG 18344 --- [restartedMain] o.s.w.s.h.BeanNameUrlHandlerMapping      : Rejected bean name 'org.springframework.boot.autoconfigure.websocket.servlet.WebSocketServletAutoConfiguration': no URL paths identified
2018-08-28 09:56:45.088 DEBUG 18344 --- [restartedMain] o.s.w.s.h.BeanNameUrlHandlerMapping      : Rejected bean name 'org.springframework.boot.autoconfigure.web.servlet.ServletWebServerFactoryConfiguration$EmbeddedTomcat': no URL paths identified
2018-08-28 09:56:45.088 DEBUG 18344 --- [restartedMain] o.s.w.s.h.BeanNameUrlHandlerMapping      : Rejected bean name 'tomcatServletWebServerFactory': no URL paths identified
2018-08-28 09:56:45.089 DEBUG 18344 --- [restartedMain] o.s.w.s.h.BeanNameUrlHandlerMapping      : Rejected bean name 'org.springframework.boot.autoconfigure.web.servlet.ServletWebServerFactoryAutoConfiguration': no URL paths identified
2018-08-28 09:56:45.089 DEBUG 18344 --- [restartedMain] o.s.w.s.h.BeanNameUrlHandlerMapping      : Rejected bean name 'servletWebServerFactoryCustomizer': no URL paths identified
2018-08-28 09:56:45.089 DEBUG 18344 --- [restartedMain] o.s.w.s.h.BeanNameUrlHandlerMapping      : Rejected bean name 'tomcatServletWebServerFactoryCustomizer': no URL paths identified
2018-08-28 09:56:45.089 DEBUG 18344 --- [restartedMain] o.s.w.s.h.BeanNameUrlHandlerMapping      : Rejected bean name 'server-org.springframework.boot.autoconfigure.web.ServerProperties': no URL paths identified
2018-08-28 09:56:45.089 DEBUG 18344 --- [restartedMain] o.s.w.s.h.BeanNameUrlHandlerMapping      : Rejected bean name 'org.springframework.boot.context.properties.ConfigurationPropertiesBindingPostProcessor': no URL paths identified
2018-08-28 09:56:45.089 DEBUG 18344 --- [restartedMain] o.s.w.s.h.BeanNameUrlHandlerMapping      : Rejected bean name 'org.springframework.boot.context.properties.ConfigurationBeanFactoryMetadata': no URL paths identified
2018-08-28 09:56:45.090 DEBUG 18344 --- [restartedMain] o.s.w.s.h.BeanNameUrlHandlerMapping      : Rejected bean name 'webServerFactoryCustomizerBeanPostProcessor': no URL paths identified
2018-08-28 09:56:45.090 DEBUG 18344 --- [restartedMain] o.s.w.s.h.BeanNameUrlHandlerMapping      : Rejected bean name 'errorPageRegistrarBeanPostProcessor': no URL paths identified
2018-08-28 09:56:45.090 DEBUG 18344 --- [restartedMain] o.s.w.s.h.BeanNameUrlHandlerMapping      : Rejected bean name 'org.springframework.boot.autoconfigure.web.servlet.DispatcherServletAutoConfiguration$DispatcherServletConfiguration': no URL paths identified
2018-08-28 09:56:45.090 DEBUG 18344 --- [restartedMain] o.s.w.s.h.BeanNameUrlHandlerMapping      : Rejected bean name 'dispatcherServlet': no URL paths identified
2018-08-28 09:56:45.090 DEBUG 18344 --- [restartedMain] o.s.w.s.h.BeanNameUrlHandlerMapping      : Rejected bean name 'spring.mvc-org.springframework.boot.autoconfigure.web.servlet.WebMvcProperties': no URL paths identified
2018-08-28 09:56:45.090 DEBUG 18344 --- [restartedMain] o.s.w.s.h.BeanNameUrlHandlerMapping      : Rejected bean name 'org.springframework.boot.autoconfigure.web.servlet.DispatcherServletAutoConfiguration$DispatcherServletRegistrationConfiguration': no URL paths identified
2018-08-28 09:56:45.090 DEBUG 18344 --- [restartedMain] o.s.w.s.h.BeanNameUrlHandlerMapping      : Rejected bean name 'dispatcherServletRegistration': no URL paths identified
2018-08-28 09:56:45.090 DEBUG 18344 --- [restartedMain] o.s.w.s.h.BeanNameUrlHandlerMapping      : Rejected bean name 'org.springframework.boot.autoconfigure.web.servlet.DispatcherServletAutoConfiguration': no URL paths identified
2018-08-28 09:56:45.091 DEBUG 18344 --- [restartedMain] o.s.w.s.h.BeanNameUrlHandlerMapping      : Rejected bean name 'org.springframework.boot.autoconfigure.validation.ValidationAutoConfiguration': no URL paths identified
2018-08-28 09:56:45.091 DEBUG 18344 --- [restartedMain] o.s.w.s.h.BeanNameUrlHandlerMapping      : Rejected bean name 'defaultValidator': no URL paths identified
2018-08-28 09:56:45.091 DEBUG 18344 --- [restartedMain] o.s.w.s.h.BeanNameUrlHandlerMapping      : Rejected bean name 'methodValidationPostProcessor': no URL paths identified
2018-08-28 09:56:45.091 DEBUG 18344 --- [restartedMain] o.s.w.s.h.BeanNameUrlHandlerMapping      : Rejected bean name 'org.springframework.boot.autoconfigure.web.servlet.error.ErrorMvcAutoConfiguration$WhitelabelErrorViewConfiguration': no URL paths identified
2018-08-28 09:56:45.091 DEBUG 18344 --- [restartedMain] o.s.w.s.h.BeanNameUrlHandlerMapping      : Rejected bean name 'error': no URL paths identified
2018-08-28 09:56:45.091 DEBUG 18344 --- [restartedMain] o.s.w.s.h.BeanNameUrlHandlerMapping      : Rejected bean name 'beanNameViewResolver': no URL paths identified
2018-08-28 09:56:45.091 DEBUG 18344 --- [restartedMain] o.s.w.s.h.BeanNameUrlHandlerMapping      : Rejected bean name 'org.springframework.boot.autoconfigure.web.servlet.error.ErrorMvcAutoConfiguration$DefaultErrorViewResolverConfiguration': no URL paths identified
2018-08-28 09:56:45.091 DEBUG 18344 --- [restartedMain] o.s.w.s.h.BeanNameUrlHandlerMapping      : Rejected bean name 'conventionErrorViewResolver': no URL paths identified
2018-08-28 09:56:45.091 DEBUG 18344 --- [restartedMain] o.s.w.s.h.BeanNameUrlHandlerMapping      : Rejected bean name 'org.springframework.boot.autoconfigure.web.servlet.error.ErrorMvcAutoConfiguration': no URL paths identified
2018-08-28 09:56:45.091 DEBUG 18344 --- [restartedMain] o.s.w.s.h.BeanNameUrlHandlerMapping      : Rejected bean name 'errorAttributes': no URL paths identified
2018-08-28 09:56:45.092 DEBUG 18344 --- [restartedMain] o.s.w.s.h.BeanNameUrlHandlerMapping      : Rejected bean name 'basicErrorController': no URL paths identified
2018-08-28 09:56:45.092 DEBUG 18344 --- [restartedMain] o.s.w.s.h.BeanNameUrlHandlerMapping      : Rejected bean name 'errorPageCustomizer': no URL paths identified
2018-08-28 09:56:45.092 DEBUG 18344 --- [restartedMain] o.s.w.s.h.BeanNameUrlHandlerMapping      : Rejected bean name 'preserveErrorControllerTargetClassPostProcessor': no URL paths identified
2018-08-28 09:56:45.092 DEBUG 18344 --- [restartedMain] o.s.w.s.h.BeanNameUrlHandlerMapping      : Rejected bean name 'spring.resources-org.springframework.boot.autoconfigure.web.ResourceProperties': no URL paths identified
2018-08-28 09:56:45.092 DEBUG 18344 --- [restartedMain] o.s.w.s.h.BeanNameUrlHandlerMapping      : Rejected bean name 'org.springframework.boot.autoconfigure.web.servlet.WebMvcAutoConfiguration$WebMvcAutoConfigurationAdapter$FaviconConfiguration': no URL paths identified
2018-08-28 09:56:45.092 DEBUG 18344 --- [restartedMain] o.s.w.s.h.BeanNameUrlHandlerMapping      : Rejected bean name 'faviconHandlerMapping': no URL paths identified
2018-08-28 09:56:45.092 DEBUG 18344 --- [restartedMain] o.s.w.s.h.BeanNameUrlHandlerMapping      : Rejected bean name 'faviconRequestHandler': no URL paths identified
2018-08-28 09:56:45.093 DEBUG 18344 --- [restartedMain] o.s.w.s.h.BeanNameUrlHandlerMapping      : Rejected bean name 'org.springframework.boot.autoconfigure.web.servlet.WebMvcAutoConfiguration$EnableWebMvcConfiguration': no URL paths identified
2018-08-28 09:56:45.093 DEBUG 18344 --- [restartedMain] o.s.w.s.h.BeanNameUrlHandlerMapping      : Rejected bean name 'requestMappingHandlerAdapter': no URL paths identified
2018-08-28 09:56:45.093 DEBUG 18344 --- [restartedMain] o.s.w.s.h.BeanNameUrlHandlerMapping      : Rejected bean name 'requestMappingHandlerMapping': no URL paths identified
2018-08-28 09:56:45.093 DEBUG 18344 --- [restartedMain] o.s.w.s.h.BeanNameUrlHandlerMapping      : Rejected bean name 'mvcConversionService': no URL paths identified
2018-08-28 09:56:45.093 DEBUG 18344 --- [restartedMain] o.s.w.s.h.BeanNameUrlHandlerMapping      : Rejected bean name 'mvcValidator': no URL paths identified
2018-08-28 09:56:45.093 DEBUG 18344 --- [restartedMain] o.s.w.s.h.BeanNameUrlHandlerMapping      : Rejected bean name 'mvcContentNegotiationManager': no URL paths identified
2018-08-28 09:56:45.093 DEBUG 18344 --- [restartedMain] o.s.w.s.h.BeanNameUrlHandlerMapping      : Rejected bean name 'mvcPathMatcher': no URL paths identified
2018-08-28 09:56:45.093 DEBUG 18344 --- [restartedMain] o.s.w.s.h.BeanNameUrlHandlerMapping      : Rejected bean name 'mvcUrlPathHelper': no URL paths identified
2018-08-28 09:56:45.093 DEBUG 18344 --- [restartedMain] o.s.w.s.h.BeanNameUrlHandlerMapping      : Rejected bean name 'viewControllerHandlerMapping': no URL paths identified
2018-08-28 09:56:45.093 DEBUG 18344 --- [restartedMain] o.s.w.s.h.BeanNameUrlHandlerMapping      : Rejected bean name 'beanNameHandlerMapping': no URL paths identified
2018-08-28 09:56:45.093 DEBUG 18344 --- [restartedMain] o.s.w.s.h.BeanNameUrlHandlerMapping      : Rejected bean name 'resourceHandlerMapping': no URL paths identified
2018-08-28 09:56:45.094 DEBUG 18344 --- [restartedMain] o.s.w.s.h.BeanNameUrlHandlerMapping      : Rejected bean name 'mvcResourceUrlProvider': no URL paths identified
2018-08-28 09:56:45.094 DEBUG 18344 --- [restartedMain] o.s.w.s.h.BeanNameUrlHandlerMapping      : Rejected bean name 'defaultServletHandlerMapping': no URL paths identified
2018-08-28 09:56:45.094 DEBUG 18344 --- [restartedMain] o.s.w.s.h.BeanNameUrlHandlerMapping      : Rejected bean name 'mvcUriComponentsContributor': no URL paths identified
2018-08-28 09:56:45.094 DEBUG 18344 --- [restartedMain] o.s.w.s.h.BeanNameUrlHandlerMapping      : Rejected bean name 'httpRequestHandlerAdapter': no URL paths identified
2018-08-28 09:56:45.094 DEBUG 18344 --- [restartedMain] o.s.w.s.h.BeanNameUrlHandlerMapping      : Rejected bean name 'simpleControllerHandlerAdapter': no URL paths identified
2018-08-28 09:56:45.094 DEBUG 18344 --- [restartedMain] o.s.w.s.h.BeanNameUrlHandlerMapping      : Rejected bean name 'handlerExceptionResolver': no URL paths identified
2018-08-28 09:56:45.094 DEBUG 18344 --- [restartedMain] o.s.w.s.h.BeanNameUrlHandlerMapping      : Rejected bean name 'mvcViewResolver': no URL paths identified
2018-08-28 09:56:45.094 DEBUG 18344 --- [restartedMain] o.s.w.s.h.BeanNameUrlHandlerMapping      : Rejected bean name 'mvcHandlerMappingIntrospector': no URL paths identified
2018-08-28 09:56:45.094 DEBUG 18344 --- [restartedMain] o.s.w.s.h.BeanNameUrlHandlerMapping      : Rejected bean name 'org.springframework.boot.autoconfigure.web.servlet.WebMvcAutoConfiguration$WebMvcAutoConfigurationAdapter': no URL paths identified
2018-08-28 09:56:45.095 DEBUG 18344 --- [restartedMain] o.s.w.s.h.BeanNameUrlHandlerMapping      : Rejected bean name 'defaultViewResolver': no URL paths identified
2018-08-28 09:56:45.095 DEBUG 18344 --- [restartedMain] o.s.w.s.h.BeanNameUrlHandlerMapping      : Rejected bean name 'viewResolver': no URL paths identified
2018-08-28 09:56:45.095 DEBUG 18344 --- [restartedMain] o.s.w.s.h.BeanNameUrlHandlerMapping      : Rejected bean name 'welcomePageHandlerMapping': no URL paths identified
2018-08-28 09:56:45.095 DEBUG 18344 --- [restartedMain] o.s.w.s.h.BeanNameUrlHandlerMapping      : Rejected bean name 'requestContextFilter': no URL paths identified
2018-08-28 09:56:45.095 DEBUG 18344 --- [restartedMain] o.s.w.s.h.BeanNameUrlHandlerMapping      : Rejected bean name 'org.springframework.boot.autoconfigure.web.servlet.WebMvcAutoConfiguration': no URL paths identified
2018-08-28 09:56:45.095 DEBUG 18344 --- [restartedMain] o.s.w.s.h.BeanNameUrlHandlerMapping      : Rejected bean name 'hiddenHttpMethodFilter': no URL paths identified
2018-08-28 09:56:45.095 DEBUG 18344 --- [restartedMain] o.s.w.s.h.BeanNameUrlHandlerMapping      : Rejected bean name 'httpPutFormContentFilter': no URL paths identified
2018-08-28 09:56:45.095 DEBUG 18344 --- [restartedMain] o.s.w.s.h.BeanNameUrlHandlerMapping      : Rejected bean name 'org.springframework.boot.autoconfigure.jdbc.DataSourceConfiguration$Generic': no URL paths identified
2018-08-28 09:56:45.095 DEBUG 18344 --- [restartedMain] o.s.w.s.h.BeanNameUrlHandlerMapping      : Rejected bean name 'dataSource': no URL paths identified
2018-08-28 09:56:45.096 DEBUG 18344 --- [restartedMain] o.s.w.s.h.BeanNameUrlHandlerMapping      : Rejected bean name 'org.springframework.boot.autoconfigure.jdbc.DataSourceConfiguration$Dbcp2': no URL paths identified
2018-08-28 09:56:45.096 DEBUG 18344 --- [restartedMain] o.s.w.s.h.BeanNameUrlHandlerMapping      : Rejected bean name 'org.springframework.boot.autoconfigure.jdbc.DataSourceJmxConfiguration$Hikari': no URL paths identified
2018-08-28 09:56:45.096 DEBUG 18344 --- [restartedMain] o.s.w.s.h.BeanNameUrlHandlerMapping      : Rejected bean name 'org.springframework.boot.autoconfigure.jdbc.DataSourceJmxConfiguration': no URL paths identified
2018-08-28 09:56:45.096 DEBUG 18344 --- [restartedMain] o.s.w.s.h.BeanNameUrlHandlerMapping      : Rejected bean name 'org.springframework.boot.autoconfigure.jdbc.DataSourceAutoConfiguration$PooledDataSourceConfiguration': no URL paths identified
2018-08-28 09:56:45.096 DEBUG 18344 --- [restartedMain] o.s.w.s.h.BeanNameUrlHandlerMapping      : Rejected bean name 'org.springframework.boot.autoconfigure.jdbc.metadata.DataSourcePoolMetadataProvidersConfiguration$CommonsDbcp2PoolDataSourceMetadataProviderConfiguration': no URL paths identified
2018-08-28 09:56:45.096 DEBUG 18344 --- [restartedMain] o.s.w.s.h.BeanNameUrlHandlerMapping      : Rejected bean name 'commonsDbcp2PoolDataSourceMetadataProvider': no URL paths identified
2018-08-28 09:56:45.096 DEBUG 18344 --- [restartedMain] o.s.w.s.h.BeanNameUrlHandlerMapping      : Rejected bean name 'org.springframework.boot.autoconfigure.jdbc.metadata.DataSourcePoolMetadataProvidersConfiguration$HikariPoolDataSourceMetadataProviderConfiguration': no URL paths identified
2018-08-28 09:56:45.097 DEBUG 18344 --- [restartedMain] o.s.w.s.h.BeanNameUrlHandlerMapping      : Rejected bean name 'hikariPoolDataSourceMetadataProvider': no URL paths identified
2018-08-28 09:56:45.097 DEBUG 18344 --- [restartedMain] o.s.w.s.h.BeanNameUrlHandlerMapping      : Rejected bean name 'org.springframework.boot.autoconfigure.jdbc.metadata.DataSourcePoolMetadataProvidersConfiguration': no URL paths identified
2018-08-28 09:56:45.097 DEBUG 18344 --- [restartedMain] o.s.w.s.h.BeanNameUrlHandlerMapping      : Rejected bean name 'org.springframework.boot.autoconfigure.jdbc.DataSourceInitializerInvoker': no URL paths identified
2018-08-28 09:56:45.097 DEBUG 18344 --- [restartedMain] o.s.w.s.h.BeanNameUrlHandlerMapping      : Rejected bean name 'org.springframework.boot.autoconfigure.jdbc.DataSourceInitializationConfiguration': no URL paths identified
2018-08-28 09:56:45.097 DEBUG 18344 --- [restartedMain] o.s.w.s.h.BeanNameUrlHandlerMapping      : Rejected bean name 'dataSourceInitializerPostProcessor': no URL paths identified
2018-08-28 09:56:45.098 DEBUG 18344 --- [restartedMain] o.s.w.s.h.BeanNameUrlHandlerMapping      : Rejected bean name 'org.springframework.boot.autoconfigure.jdbc.DataSourceAutoConfiguration': no URL paths identified
2018-08-28 09:56:45.098 DEBUG 18344 --- [restartedMain] o.s.w.s.h.BeanNameUrlHandlerMapping      : Rejected bean name 'spring.datasource-org.springframework.boot.autoconfigure.jdbc.DataSourceProperties': no URL paths identified
2018-08-28 09:56:45.098 DEBUG 18344 --- [restartedMain] o.s.w.s.h.BeanNameUrlHandlerMapping      : Rejected bean name 'org.mybatis.spring.boot.autoconfigure.MybatisAutoConfiguration': no URL paths identified
2018-08-28 09:56:45.098 DEBUG 18344 --- [restartedMain] o.s.w.s.h.BeanNameUrlHandlerMapping      : Rejected bean name 'sqlSessionFactory': no URL paths identified
2018-08-28 09:56:45.098 DEBUG 18344 --- [restartedMain] o.s.w.s.h.BeanNameUrlHandlerMapping      : Rejected bean name 'sqlSessionTemplate': no URL paths identified
2018-08-28 09:56:45.099 DEBUG 18344 --- [restartedMain] o.s.w.s.h.BeanNameUrlHandlerMapping      : Rejected bean name 'mybatis-org.mybatis.spring.boot.autoconfigure.MybatisProperties': no URL paths identified
2018-08-28 09:56:45.099 DEBUG 18344 --- [restartedMain] o.s.w.s.h.BeanNameUrlHandlerMapping      : Rejected bean name 'org.springframework.boot.autoconfigure.jmx.JmxAutoConfiguration': no URL paths identified
2018-08-28 09:56:45.099 DEBUG 18344 --- [restartedMain] o.s.w.s.h.BeanNameUrlHandlerMapping      : Rejected bean name 'mbeanExporter': no URL paths identified
2018-08-28 09:56:45.099 DEBUG 18344 --- [restartedMain] o.s.w.s.h.BeanNameUrlHandlerMapping      : Rejected bean name 'objectNamingStrategy': no URL paths identified
2018-08-28 09:56:45.099 DEBUG 18344 --- [restartedMain] o.s.w.s.h.BeanNameUrlHandlerMapping      : Rejected bean name 'mbeanServer': no URL paths identified
2018-08-28 09:56:45.099 DEBUG 18344 --- [restartedMain] o.s.w.s.h.BeanNameUrlHandlerMapping      : Rejected bean name 'org.springframework.boot.autoconfigure.admin.SpringApplicationAdminJmxAutoConfiguration': no URL paths identified
2018-08-28 09:56:45.099 DEBUG 18344 --- [restartedMain] o.s.w.s.h.BeanNameUrlHandlerMapping      : Rejected bean name 'springApplicationAdminRegistrar': no URL paths identified
2018-08-28 09:56:45.099 DEBUG 18344 --- [restartedMain] o.s.w.s.h.BeanNameUrlHandlerMapping      : Rejected bean name 'org.springframework.boot.autoconfigure.context.ConfigurationPropertiesAutoConfiguration': no URL paths identified
2018-08-28 09:56:45.099 DEBUG 18344 --- [restartedMain] o.s.w.s.h.BeanNameUrlHandlerMapping      : Rejected bean name 'org.springframework.boot.autoconfigure.dao.PersistenceExceptionTranslationAutoConfiguration': no URL paths identified
2018-08-28 09:56:45.100 DEBUG 18344 --- [restartedMain] o.s.w.s.h.BeanNameUrlHandlerMapping      : Rejected bean name 'persistenceExceptionTranslationPostProcessor': no URL paths identified
2018-08-28 09:56:45.100 DEBUG 18344 --- [restartedMain] o.s.w.s.h.BeanNameUrlHandlerMapping      : Rejected bean name 'org.springframework.boot.autoconfigure.freemarker.FreeMarkerServletWebConfiguration': no URL paths identified
2018-08-28 09:56:45.100 DEBUG 18344 --- [restartedMain] o.s.w.s.h.BeanNameUrlHandlerMapping      : Rejected bean name 'freeMarkerConfigurer': no URL paths identified
2018-08-28 09:56:45.100 DEBUG 18344 --- [restartedMain] o.s.w.s.h.BeanNameUrlHandlerMapping      : Rejected bean name 'freeMarkerConfiguration': no URL paths identified
2018-08-28 09:56:45.100 DEBUG 18344 --- [restartedMain] o.s.w.s.h.BeanNameUrlHandlerMapping      : Rejected bean name 'freeMarkerViewResolver': no URL paths identified
2018-08-28 09:56:45.100 DEBUG 18344 --- [restartedMain] o.s.w.s.h.BeanNameUrlHandlerMapping      : Rejected bean name 'org.springframework.boot.autoconfigure.freemarker.FreeMarkerAutoConfiguration': no URL paths identified
2018-08-28 09:56:45.100 DEBUG 18344 --- [restartedMain] o.s.w.s.h.BeanNameUrlHandlerMapping      : Rejected bean name 'spring.freemarker-org.springframework.boot.autoconfigure.freemarker.FreeMarkerProperties': no URL paths identified
2018-08-28 09:56:45.100 DEBUG 18344 --- [restartedMain] o.s.w.s.h.BeanNameUrlHandlerMapping      : Rejected bean name 'org.springframework.boot.autoconfigure.jackson.JacksonAutoConfiguration$Jackson2ObjectMapperBuilderCustomizerConfiguration': no URL paths identified
2018-08-28 09:56:45.100 DEBUG 18344 --- [restartedMain] o.s.w.s.h.BeanNameUrlHandlerMapping      : Rejected bean name 'standardJacksonObjectMapperBuilderCustomizer': no URL paths identified
2018-08-28 09:56:45.100 DEBUG 18344 --- [restartedMain] o.s.w.s.h.BeanNameUrlHandlerMapping      : Rejected bean name 'spring.jackson-org.springframework.boot.autoconfigure.jackson.JacksonProperties': no URL paths identified
2018-08-28 09:56:45.101 DEBUG 18344 --- [restartedMain] o.s.w.s.h.BeanNameUrlHandlerMapping      : Rejected bean name 'org.springframework.boot.autoconfigure.jackson.JacksonAutoConfiguration$JacksonObjectMapperBuilderConfiguration': no URL paths identified
2018-08-28 09:56:45.101 DEBUG 18344 --- [restartedMain] o.s.w.s.h.BeanNameUrlHandlerMapping      : Rejected bean name 'jacksonObjectMapperBuilder': no URL paths identified
2018-08-28 09:56:45.101 DEBUG 18344 --- [restartedMain] o.s.w.s.h.BeanNameUrlHandlerMapping      : Rejected bean name 'org.springframework.boot.autoconfigure.jackson.JacksonAutoConfiguration$ParameterNamesModuleConfiguration': no URL paths identified
2018-08-28 09:56:45.101 DEBUG 18344 --- [restartedMain] o.s.w.s.h.BeanNameUrlHandlerMapping      : Rejected bean name 'parameterNamesModule': no URL paths identified
2018-08-28 09:56:45.101 DEBUG 18344 --- [restartedMain] o.s.w.s.h.BeanNameUrlHandlerMapping      : Rejected bean name 'org.springframework.boot.autoconfigure.jackson.JacksonAutoConfiguration$JacksonObjectMapperConfiguration': no URL paths identified
2018-08-28 09:56:45.101 DEBUG 18344 --- [restartedMain] o.s.w.s.h.BeanNameUrlHandlerMapping      : Rejected bean name 'jacksonObjectMapper': no URL paths identified
2018-08-28 09:56:45.101 DEBUG 18344 --- [restartedMain] o.s.w.s.h.BeanNameUrlHandlerMapping      : Rejected bean name 'org.springframework.boot.autoconfigure.jackson.JacksonAutoConfiguration': no URL paths identified
2018-08-28 09:56:45.101 DEBUG 18344 --- [restartedMain] o.s.w.s.h.BeanNameUrlHandlerMapping      : Rejected bean name 'jsonComponentModule': no URL paths identified
2018-08-28 09:56:45.101 DEBUG 18344 --- [restartedMain] o.s.w.s.h.BeanNameUrlHandlerMapping      : Rejected bean name 'org.springframework.boot.autoconfigure.http.HttpMessageConvertersAutoConfiguration$StringHttpMessageConverterConfiguration': no URL paths identified
2018-08-28 09:56:45.102 DEBUG 18344 --- [restartedMain] o.s.w.s.h.BeanNameUrlHandlerMapping      : Rejected bean name 'stringHttpMessageConverter': no URL paths identified
2018-08-28 09:56:45.102 DEBUG 18344 --- [restartedMain] o.s.w.s.h.BeanNameUrlHandlerMapping      : Rejected bean name 'spring.http.encoding-org.springframework.boot.autoconfigure.http.HttpEncodingProperties': no URL paths identified
2018-08-28 09:56:45.102 DEBUG 18344 --- [restartedMain] o.s.w.s.h.BeanNameUrlHandlerMapping      : Rejected bean name 'org.springframework.boot.autoconfigure.http.JacksonHttpMessageConvertersConfiguration$MappingJackson2HttpMessageConverterConfiguration': no URL paths identified
2018-08-28 09:56:45.102 DEBUG 18344 --- [restartedMain] o.s.w.s.h.BeanNameUrlHandlerMapping      : Rejected bean name 'mappingJackson2HttpMessageConverter': no URL paths identified
2018-08-28 09:56:45.102 DEBUG 18344 --- [restartedMain] o.s.w.s.h.BeanNameUrlHandlerMapping      : Rejected bean name 'org.springframework.boot.autoconfigure.http.JacksonHttpMessageConvertersConfiguration': no URL paths identified
2018-08-28 09:56:45.102 DEBUG 18344 --- [restartedMain] o.s.w.s.h.BeanNameUrlHandlerMapping      : Rejected bean name 'org.springframework.boot.autoconfigure.http.HttpMessageConvertersAutoConfiguration': no URL paths identified
2018-08-28 09:56:45.102 DEBUG 18344 --- [restartedMain] o.s.w.s.h.BeanNameUrlHandlerMapping      : Rejected bean name 'messageConverters': no URL paths identified
2018-08-28 09:56:45.102 DEBUG 18344 --- [restartedMain] o.s.w.s.h.BeanNameUrlHandlerMapping      : Rejected bean name 'org.springframework.boot.autoconfigure.http.codec.CodecsAutoConfiguration$JacksonCodecConfiguration': no URL paths identified
2018-08-28 09:56:45.103 DEBUG 18344 --- [restartedMain] o.s.w.s.h.BeanNameUrlHandlerMapping      : Rejected bean name 'jacksonCodecCustomizer': no URL paths identified
2018-08-28 09:56:45.104 DEBUG 18344 --- [restartedMain] o.s.w.s.h.BeanNameUrlHandlerMapping      : Rejected bean name 'org.springframework.boot.autoconfigure.http.codec.CodecsAutoConfiguration': no URL paths identified
2018-08-28 09:56:45.104 DEBUG 18344 --- [restartedMain] o.s.w.s.h.BeanNameUrlHandlerMapping      : Rejected bean name 'org.springframework.boot.autoconfigure.info.ProjectInfoAutoConfiguration': no URL paths identified
2018-08-28 09:56:45.104 DEBUG 18344 --- [restartedMain] o.s.w.s.h.BeanNameUrlHandlerMapping      : Rejected bean name 'spring.info-org.springframework.boot.autoconfigure.info.ProjectInfoProperties': no URL paths identified
2018-08-28 09:56:45.104 DEBUG 18344 --- [restartedMain] o.s.w.s.h.BeanNameUrlHandlerMapping      : Rejected bean name 'org.springframework.boot.autoconfigure.jdbc.JdbcTemplateAutoConfiguration$JdbcTemplateConfiguration': no URL paths identified
2018-08-28 09:56:45.104 DEBUG 18344 --- [restartedMain] o.s.w.s.h.BeanNameUrlHandlerMapping      : Rejected bean name 'jdbcTemplate': no URL paths identified
2018-08-28 09:56:45.104 DEBUG 18344 --- [restartedMain] o.s.w.s.h.BeanNameUrlHandlerMapping      : Rejected bean name 'org.springframework.boot.autoconfigure.jdbc.JdbcTemplateAutoConfiguration$NamedParameterJdbcTemplateConfiguration': no URL paths identified
2018-08-28 09:56:45.104 DEBUG 18344 --- [restartedMain] o.s.w.s.h.BeanNameUrlHandlerMapping      : Rejected bean name 'namedParameterJdbcTemplate': no URL paths identified
2018-08-28 09:56:45.104 DEBUG 18344 --- [restartedMain] o.s.w.s.h.BeanNameUrlHandlerMapping      : Rejected bean name 'org.springframework.boot.autoconfigure.jdbc.JdbcTemplateAutoConfiguration': no URL paths identified
2018-08-28 09:56:45.104 DEBUG 18344 --- [restartedMain] o.s.w.s.h.BeanNameUrlHandlerMapping      : Rejected bean name 'spring.jdbc-org.springframework.boot.autoconfigure.jdbc.JdbcProperties': no URL paths identified
2018-08-28 09:56:45.105 DEBUG 18344 --- [restartedMain] o.s.w.s.h.BeanNameUrlHandlerMapping      : Rejected bean name 'org.springframework.boot.autoconfigure.security.reactive.ReactiveSecurityAutoConfiguration': no URL paths identified
2018-08-28 09:56:45.105 DEBUG 18344 --- [restartedMain] o.s.w.s.h.BeanNameUrlHandlerMapping      : Rejected bean name 'spring.security-org.springframework.boot.autoconfigure.security.SecurityProperties': no URL paths identified
2018-08-28 09:56:45.105 DEBUG 18344 --- [restartedMain] o.s.w.s.h.BeanNameUrlHandlerMapping      : Rejected bean name 'org.springframework.boot.autoconfigure.jdbc.DataSourceTransactionManagerAutoConfiguration$DataSourceTransactionManagerConfiguration': no URL paths identified
2018-08-28 09:56:45.105 DEBUG 18344 --- [restartedMain] o.s.w.s.h.BeanNameUrlHandlerMapping      : Rejected bean name 'transactionManager': no URL paths identified
2018-08-28 09:56:45.105 DEBUG 18344 --- [restartedMain] o.s.w.s.h.BeanNameUrlHandlerMapping      : Rejected bean name 'org.springframework.boot.autoconfigure.jdbc.DataSourceTransactionManagerAutoConfiguration': no URL paths identified
2018-08-28 09:56:45.105 DEBUG 18344 --- [restartedMain] o.s.w.s.h.BeanNameUrlHandlerMapping      : Rejected bean name 'org.springframework.transaction.annotation.ProxyTransactionManagementConfiguration': no URL paths identified
2018-08-28 09:56:45.106 DEBUG 18344 --- [restartedMain] o.s.w.s.h.BeanNameUrlHandlerMapping      : Rejected bean name 'org.springframework.transaction.config.internalTransactionAdvisor': no URL paths identified
2018-08-28 09:56:45.106 DEBUG 18344 --- [restartedMain] o.s.w.s.h.BeanNameUrlHandlerMapping      : Rejected bean name 'transactionAttributeSource': no URL paths identified
2018-08-28 09:56:45.106 DEBUG 18344 --- [restartedMain] o.s.w.s.h.BeanNameUrlHandlerMapping      : Rejected bean name 'transactionInterceptor': no URL paths identified
2018-08-28 09:56:45.106 DEBUG 18344 --- [restartedMain] o.s.w.s.h.BeanNameUrlHandlerMapping      : Rejected bean name 'org.springframework.transaction.config.internalTransactionalEventListenerFactory': no URL paths identified
2018-08-28 09:56:45.106 DEBUG 18344 --- [restartedMain] o.s.w.s.h.BeanNameUrlHandlerMapping      : Rejected bean name 'org.springframework.boot.autoconfigure.transaction.TransactionAutoConfiguration$EnableTransactionManagementConfiguration$CglibAutoProxyConfiguration': no URL paths identified
2018-08-28 09:56:45.106 DEBUG 18344 --- [restartedMain] o.s.w.s.h.BeanNameUrlHandlerMapping      : Rejected bean name 'org.springframework.aop.config.internalAutoProxyCreator': no URL paths identified
2018-08-28 09:56:45.106 DEBUG 18344 --- [restartedMain] o.s.w.s.h.BeanNameUrlHandlerMapping      : Rejected bean name 'org.springframework.boot.autoconfigure.transaction.TransactionAutoConfiguration$EnableTransactionManagementConfiguration': no URL paths identified
2018-08-28 09:56:45.106 DEBUG 18344 --- [restartedMain] o.s.w.s.h.BeanNameUrlHandlerMapping      : Rejected bean name 'org.springframework.boot.autoconfigure.transaction.TransactionAutoConfiguration$TransactionTemplateConfiguration': no URL paths identified
2018-08-28 09:56:45.107 DEBUG 18344 --- [restartedMain] o.s.w.s.h.BeanNameUrlHandlerMapping      : Rejected bean name 'transactionTemplate': no URL paths identified
2018-08-28 09:56:45.107 DEBUG 18344 --- [restartedMain] o.s.w.s.h.BeanNameUrlHandlerMapping      : Rejected bean name 'org.springframework.boot.autoconfigure.transaction.TransactionAutoConfiguration': no URL paths identified
2018-08-28 09:56:45.107 DEBUG 18344 --- [restartedMain] o.s.w.s.h.BeanNameUrlHandlerMapping      : Rejected bean name 'platformTransactionManagerCustomizers': no URL paths identified
2018-08-28 09:56:45.110 DEBUG 18344 --- [restartedMain] o.s.w.s.h.BeanNameUrlHandlerMapping      : Rejected bean name 'spring.transaction-org.springframework.boot.autoconfigure.transaction.TransactionProperties': no URL paths identified
2018-08-28 09:56:45.110 DEBUG 18344 --- [restartedMain] o.s.w.s.h.BeanNameUrlHandlerMapping      : Rejected bean name 'org.springframework.boot.autoconfigure.web.client.RestTemplateAutoConfiguration': no URL paths identified
2018-08-28 09:56:45.111 DEBUG 18344 --- [restartedMain] o.s.w.s.h.BeanNameUrlHandlerMapping      : Rejected bean name 'restTemplateBuilder': no URL paths identified
2018-08-28 09:56:45.111 DEBUG 18344 --- [restartedMain] o.s.w.s.h.BeanNameUrlHandlerMapping      : Rejected bean name 'org.springframework.boot.autoconfigure.web.embedded.EmbeddedWebServerFactoryCustomizerAutoConfiguration$TomcatWebServerFactoryCustomizerConfiguration': no URL paths identified
2018-08-28 09:56:45.111 DEBUG 18344 --- [restartedMain] o.s.w.s.h.BeanNameUrlHandlerMapping      : Rejected bean name 'tomcatWebServerFactoryCustomizer': no URL paths identified
2018-08-28 09:56:45.111 DEBUG 18344 --- [restartedMain] o.s.w.s.h.BeanNameUrlHandlerMapping      : Rejected bean name 'org.springframework.boot.autoconfigure.web.embedded.EmbeddedWebServerFactoryCustomizerAutoConfiguration': no URL paths identified
2018-08-28 09:56:45.111 DEBUG 18344 --- [restartedMain] o.s.w.s.h.BeanNameUrlHandlerMapping      : Rejected bean name 'org.springframework.boot.autoconfigure.web.servlet.HttpEncodingAutoConfiguration': no URL paths identified
2018-08-28 09:56:45.111 DEBUG 18344 --- [restartedMain] o.s.w.s.h.BeanNameUrlHandlerMapping      : Rejected bean name 'characterEncodingFilter': no URL paths identified
2018-08-28 09:56:45.111 DEBUG 18344 --- [restartedMain] o.s.w.s.h.BeanNameUrlHandlerMapping      : Rejected bean name 'localeCharsetMappingsCustomizer': no URL paths identified
2018-08-28 09:56:45.111 DEBUG 18344 --- [restartedMain] o.s.w.s.h.BeanNameUrlHandlerMapping      : Rejected bean name 'org.springframework.boot.autoconfigure.web.servlet.MultipartAutoConfiguration': no URL paths identified
2018-08-28 09:56:45.111 DEBUG 18344 --- [restartedMain] o.s.w.s.h.BeanNameUrlHandlerMapping      : Rejected bean name 'multipartConfigElement': no URL paths identified
2018-08-28 09:56:45.111 DEBUG 18344 --- [restartedMain] o.s.w.s.h.BeanNameUrlHandlerMapping      : Rejected bean name 'multipartResolver': no URL paths identified
2018-08-28 09:56:45.111 DEBUG 18344 --- [restartedMain] o.s.w.s.h.BeanNameUrlHandlerMapping      : Rejected bean name 'spring.servlet.multipart-org.springframework.boot.autoconfigure.web.servlet.MultipartProperties': no URL paths identified
2018-08-28 09:56:45.112 DEBUG 18344 --- [restartedMain] o.s.w.s.h.BeanNameUrlHandlerMapping      : Rejected bean name 'org.springframework.boot.devtools.autoconfigure.DevToolsDataSourceAutoConfiguration': no URL paths identified
2018-08-28 09:56:45.112 DEBUG 18344 --- [restartedMain] o.s.w.s.h.BeanNameUrlHandlerMapping      : Rejected bean name 'inMemoryDatabaseShutdownExecutor': no URL paths identified
2018-08-28 09:56:45.112 DEBUG 18344 --- [restartedMain] o.s.w.s.h.BeanNameUrlHandlerMapping      : Rejected bean name 'org.springframework.boot.devtools.autoconfigure.LocalDevToolsAutoConfiguration$RestartConfiguration': no URL paths identified
2018-08-28 09:56:45.112 DEBUG 18344 --- [restartedMain] o.s.w.s.h.BeanNameUrlHandlerMapping      : Rejected bean name 'classPathFileSystemWatcher': no URL paths identified
2018-08-28 09:56:45.112 DEBUG 18344 --- [restartedMain] o.s.w.s.h.BeanNameUrlHandlerMapping      : Rejected bean name 'classPathRestartStrategy': no URL paths identified
2018-08-28 09:56:45.112 DEBUG 18344 --- [restartedMain] o.s.w.s.h.BeanNameUrlHandlerMapping      : Rejected bean name 'hateoasObjenesisCacheDisabler': no URL paths identified
2018-08-28 09:56:45.112 DEBUG 18344 --- [restartedMain] o.s.w.s.h.BeanNameUrlHandlerMapping      : Rejected bean name 'fileSystemWatcherFactory': no URL paths identified
2018-08-28 09:56:45.112 DEBUG 18344 --- [restartedMain] o.s.w.s.h.BeanNameUrlHandlerMapping      : Rejected bean name 'conditionEvaluationDeltaLoggingListener': no URL paths identified
2018-08-28 09:56:45.112 DEBUG 18344 --- [restartedMain] o.s.w.s.h.BeanNameUrlHandlerMapping      : Rejected bean name 'org.springframework.boot.devtools.autoconfigure.LocalDevToolsAutoConfiguration$LiveReloadConfiguration': no URL paths identified
2018-08-28 09:56:45.112 DEBUG 18344 --- [restartedMain] o.s.w.s.h.BeanNameUrlHandlerMapping      : Rejected bean name 'liveReloadServer': no URL paths identified
2018-08-28 09:56:45.112 DEBUG 18344 --- [restartedMain] o.s.w.s.h.BeanNameUrlHandlerMapping      : Rejected bean name 'optionalLiveReloadServer': no URL paths identified
2018-08-28 09:56:45.112 DEBUG 18344 --- [restartedMain] o.s.w.s.h.BeanNameUrlHandlerMapping      : Rejected bean name 'liveReloadServerEventListener': no URL paths identified
2018-08-28 09:56:45.113 DEBUG 18344 --- [restartedMain] o.s.w.s.h.BeanNameUrlHandlerMapping      : Rejected bean name 'org.springframework.boot.devtools.autoconfigure.LocalDevToolsAutoConfiguration': no URL paths identified
2018-08-28 09:56:45.113 DEBUG 18344 --- [restartedMain] o.s.w.s.h.BeanNameUrlHandlerMapping      : Rejected bean name 'spring.devtools-org.springframework.boot.devtools.autoconfigure.DevToolsProperties': no URL paths identified
2018-08-28 09:56:45.113 DEBUG 18344 --- [restartedMain] o.s.w.s.h.BeanNameUrlHandlerMapping      : Rejected bean name 'autoConfigurationReport': no URL paths identified
2018-08-28 09:56:45.113 DEBUG 18344 --- [restartedMain] o.s.w.s.h.BeanNameUrlHandlerMapping      : Rejected bean name 'org.springframework.boot.context.ContextIdApplicationContextInitializer$ContextId': no URL paths identified
2018-08-28 09:56:45.113 DEBUG 18344 --- [restartedMain] o.s.w.s.h.BeanNameUrlHandlerMapping      : Rejected bean name 'springApplicationArguments': no URL paths identified
2018-08-28 09:56:45.113 DEBUG 18344 --- [restartedMain] o.s.w.s.h.BeanNameUrlHandlerMapping      : Rejected bean name 'springBootBanner': no URL paths identified
2018-08-28 09:56:45.113 DEBUG 18344 --- [restartedMain] o.s.w.s.h.BeanNameUrlHandlerMapping      : Rejected bean name 'springBootLoggingSystem': no URL paths identified
2018-08-28 09:56:45.113 DEBUG 18344 --- [restartedMain] o.s.w.s.h.BeanNameUrlHandlerMapping      : Rejected bean name 'environment': no URL paths identified
2018-08-28 09:56:45.113 DEBUG 18344 --- [restartedMain] o.s.w.s.h.BeanNameUrlHandlerMapping      : Rejected bean name 'systemProperties': no URL paths identified
2018-08-28 09:56:45.113 DEBUG 18344 --- [restartedMain] o.s.w.s.h.BeanNameUrlHandlerMapping      : Rejected bean name 'systemEnvironment': no URL paths identified
2018-08-28 09:56:45.113 DEBUG 18344 --- [restartedMain] o.s.w.s.h.BeanNameUrlHandlerMapping      : Rejected bean name 'org.springframework.context.annotation.ConfigurationClassPostProcessor.importRegistry': no URL paths identified
2018-08-28 09:56:45.113 DEBUG 18344 --- [restartedMain] o.s.w.s.h.BeanNameUrlHandlerMapping      : Rejected bean name 'messageSource': no URL paths identified
2018-08-28 09:56:45.113 DEBUG 18344 --- [restartedMain] o.s.w.s.h.BeanNameUrlHandlerMapping      : Rejected bean name 'applicationEventMulticaster': no URL paths identified
2018-08-28 09:56:45.113 DEBUG 18344 --- [restartedMain] o.s.w.s.h.BeanNameUrlHandlerMapping      : Rejected bean name 'servletContext': no URL paths identified
2018-08-28 09:56:45.114 DEBUG 18344 --- [restartedMain] o.s.w.s.h.BeanNameUrlHandlerMapping      : Rejected bean name 'contextParameters': no URL paths identified
2018-08-28 09:56:45.114 DEBUG 18344 --- [restartedMain] o.s.w.s.h.BeanNameUrlHandlerMapping      : Rejected bean name 'contextAttributes': no URL paths identified
2018-08-28 09:56:45.124  INFO 18344 --- [restartedMain] o.s.w.s.handler.SimpleUrlHandlerMapping  : Mapped URL path [/webjars/**] onto handler of type [class org.springframework.web.servlet.resource.ResourceHttpRequestHandler]
2018-08-28 09:56:45.124  INFO 18344 --- [restartedMain] o.s.w.s.handler.SimpleUrlHandlerMapping  : Mapped URL path [/**] onto handler of type [class org.springframework.web.servlet.resource.ResourceHttpRequestHandler]
2018-08-28 09:56:45.152 DEBUG 18344 --- [restartedMain] .m.m.a.ExceptionHandlerExceptionResolver : Looking for exception mappings: org.springframework.boot.web.servlet.context.AnnotationConfigServletWebServerApplicationContext@4d5407a7: startup date [Tue Aug 28 09:56:39 CST 2018]; root of context hierarchy
2018-08-28 09:56:45.679 DEBUG 18344 --- [restartedMain] o.s.w.s.v.f.FreeMarkerConfigurer         : Template loader path [class path resource [templates/]] resolved to file path [E:\springbootworkspaces\target\classes\templates]
2018-08-28 09:56:45.684  INFO 18344 --- [restartedMain] o.s.w.s.v.f.FreeMarkerConfigurer         : ClassTemplateLoader for Spring macros added to FreeMarker configuration
2018-08-28 09:56:45.978  INFO 18344 --- [restartedMain] o.s.b.d.a.OptionalLiveReloadServer       : LiveReload server is running on port 35729
2018-08-28 09:56:46.041  INFO 18344 --- [restartedMain] o.s.j.e.a.AnnotationMBeanExporter        : Registering beans for JMX exposure on startup
2018-08-28 09:56:46.043  INFO 18344 --- [restartedMain] o.s.j.e.a.AnnotationMBeanExporter        : Bean with name 'dataSource' has been autodetected for JMX exposure
2018-08-28 09:56:46.049  INFO 18344 --- [restartedMain] o.s.j.e.a.AnnotationMBeanExporter        : Located MBean 'dataSource': registering with JMX server as MBean [org.apache.commons.dbcp2:name=dataSource,type=BasicDataSource]
2018-08-28 09:56:46.077 DEBUG 18344 --- [restartedMain] o.s.w.s.resource.ResourceUrlProvider     : Looking for resource handler mappings
2018-08-28 09:56:46.078 DEBUG 18344 --- [restartedMain] o.s.w.s.resource.ResourceUrlProvider     : Found resource handler mapping: URL pattern="/**/favicon.ico", locations=[class path resource [META-INF/resources/], class path resource [resources/], class path resource [static/], class path resource [public/], ServletContext resource [/], class path resource []], resolvers=[org.springframework.web.servlet.resource.PathResourceResolver@6659183]
2018-08-28 09:56:46.078 DEBUG 18344 --- [restartedMain] o.s.w.s.resource.ResourceUrlProvider     : Found resource handler mapping: URL pattern="/webjars/**", locations=[class path resource [META-INF/resources/webjars/]], resolvers=[org.springframework.web.servlet.resource.PathResourceResolver@f703e46]
2018-08-28 09:56:46.079 DEBUG 18344 --- [restartedMain] o.s.w.s.resource.ResourceUrlProvider     : Found resource handler mapping: URL pattern="/**", locations=[class path resource [META-INF/resources/], class path resource [resources/], class path resource [static/], class path resource [public/], ServletContext resource [/]], resolvers=[org.springframework.web.servlet.resource.PathResourceResolver@25fdb807]
2018-08-28 09:56:46.172  INFO 18344 --- [restartedMain] o.s.b.w.embedded.tomcat.TomcatWebServer  : Tomcat started on port(s): 8080 (http) with context path ''
2018-08-28 09:56:46.174 DEBUG 18344 --- [restartedMain] o.s.w.c.s.StandardServletEnvironment     : Adding PropertySource 'server.ports' with highest search precedence
2018-08-28 09:56:46.179  INFO 18344 --- [restartedMain] c.b.s.SpringbootdemoApplication          : Started SpringbootdemoApplication in 9.089 seconds (JVM running for 14.268)
2018-08-28 09:57:36.753 DEBUG 18344 --- [http-nio-8080-exec-1] o.s.web.servlet.DispatcherServlet        : Initializing servlet 'dispatcherServlet'
2018-08-28 09:57:36.754  INFO 18344 --- [http-nio-8080-exec-1] o.a.c.c.C.[Tomcat].[localhost].[/]       : Initializing Spring FrameworkServlet 'dispatcherServlet'
2018-08-28 09:57:36.754  INFO 18344 --- [http-nio-8080-exec-1] o.s.web.servlet.DispatcherServlet        : FrameworkServlet 'dispatcherServlet': initialization started
2018-08-28 09:57:36.754 DEBUG 18344 --- [http-nio-8080-exec-1] o.s.web.servlet.DispatcherServlet        : Using MultipartResolver [org.springframework.web.multipart.support.StandardServletMultipartResolver@6771b12b]
2018-08-28 09:57:36.792 DEBUG 18344 --- [http-nio-8080-exec-1] o.s.web.servlet.DispatcherServlet        : Unable to locate LocaleResolver with name 'localeResolver': using default [org.springframework.web.servlet.i18n.AcceptHeaderLocaleResolver@14f054bd]
2018-08-28 09:57:36.808 DEBUG 18344 --- [http-nio-8080-exec-1] o.s.web.servlet.DispatcherServlet        : Unable to locate ThemeResolver with name 'themeResolver': using default [org.springframework.web.servlet.theme.FixedThemeResolver@1cd805f6]
2018-08-28 09:57:36.817 DEBUG 18344 --- [http-nio-8080-exec-1] o.s.web.servlet.DispatcherServlet        : Unable to locate RequestToViewNameTranslator with name 'viewNameTranslator': using default [org.springframework.web.servlet.view.DefaultRequestToViewNameTranslator@5e1d5857]
2018-08-28 09:57:36.825 DEBUG 18344 --- [http-nio-8080-exec-1] o.s.web.servlet.DispatcherServlet        : Unable to locate FlashMapManager with name 'flashMapManager': using default [org.springframework.web.servlet.support.SessionFlashMapManager@6cf86546]
2018-08-28 09:57:36.825 DEBUG 18344 --- [http-nio-8080-exec-1] o.s.web.servlet.DispatcherServlet        : Published WebApplicationContext of servlet 'dispatcherServlet' as ServletContext attribute with name [org.springframework.web.servlet.FrameworkServlet.CONTEXT.dispatcherServlet]
2018-08-28 09:57:36.825  INFO 18344 --- [http-nio-8080-exec-1] o.s.web.servlet.DispatcherServlet        : FrameworkServlet 'dispatcherServlet': initialization completed in 71 ms
2018-08-28 09:57:36.825 DEBUG 18344 --- [http-nio-8080-exec-1] o.s.web.servlet.DispatcherServlet        : Servlet 'dispatcherServlet' configured successfully
2018-08-28 09:57:36.881 DEBUG 18344 --- [http-nio-8080-exec-1] o.s.web.servlet.DispatcherServlet        : DispatcherServlet with name 'dispatcherServlet' processing GET request for [/]
2018-08-28 09:57:36.885 DEBUG 18344 --- [http-nio-8080-exec-1] s.w.s.m.m.a.RequestMappingHandlerMapping : Looking up handler method for path /
2018-08-28 09:57:36.890 DEBUG 18344 --- [http-nio-8080-exec-1] s.w.s.m.m.a.RequestMappingHandlerMapping : Did not find handler method for [/]
2018-08-28 09:57:36.891 DEBUG 18344 --- [http-nio-8080-exec-1] o.s.w.s.handler.SimpleUrlHandlerMapping  : Matching patterns for request [/] are [/**]
2018-08-28 09:57:36.892 DEBUG 18344 --- [http-nio-8080-exec-1] o.s.w.s.handler.SimpleUrlHandlerMapping  : URI Template variables for request [/] are {}
2018-08-28 09:57:36.892 DEBUG 18344 --- [http-nio-8080-exec-1] o.s.w.s.handler.SimpleUrlHandlerMapping  : Mapping [/] to HandlerExecutionChain with handler [ResourceHttpRequestHandler [locations=[class path resource [META-INF/resources/], class path resource [resources/], class path resource [static/], class path resource [public/], ServletContext resource [/]], resolvers=[org.springframework.web.servlet.resource.PathResourceResolver@25fdb807]]] and 1 interceptor
2018-08-28 09:57:36.919 DEBUG 18344 --- [http-nio-8080-exec-1] o.s.web.servlet.DispatcherServlet        : Last-Modified value for [/] is: -1
2018-08-28 09:57:36.919 DEBUG 18344 --- [http-nio-8080-exec-1] o.s.web.servlet.DispatcherServlet        : Null ModelAndView returned to DispatcherServlet with name 'dispatcherServlet': assuming HandlerAdapter completed request handling
2018-08-28 09:57:36.920 DEBUG 18344 --- [http-nio-8080-exec-1] o.s.web.servlet.DispatcherServlet        : Successfully completed request
2018-08-28 09:57:36.938 DEBUG 18344 --- [http-nio-8080-exec-1] o.s.web.servlet.DispatcherServlet        : DispatcherServlet with name 'dispatcherServlet' processing GET request for [/error]
2018-08-28 09:57:36.939 DEBUG 18344 --- [http-nio-8080-exec-1] s.w.s.m.m.a.RequestMappingHandlerMapping : Looking up handler method for path /error
2018-08-28 09:57:36.941 DEBUG 18344 --- [http-nio-8080-exec-1] s.w.s.m.m.a.RequestMappingHandlerMapping : Returning handler method [public org.springframework.web.servlet.ModelAndView org.springframework.boot.autoconfigure.web.servlet.error.BasicErrorController.errorHtml(javax.servlet.http.HttpServletRequest,javax.servlet.http.HttpServletResponse)]
2018-08-28 09:57:36.942 DEBUG 18344 --- [http-nio-8080-exec-1] o.s.web.servlet.DispatcherServlet        : Last-Modified value for [/error] is: -1
2018-08-28 09:57:36.984 DEBUG 18344 --- [http-nio-8080-exec-1] o.s.w.s.v.ContentNegotiatingViewResolver : Requested media types are [text/html, text/html;q=0.8] based on Accept header types and producible media types [text/html])
2018-08-28 09:57:37.002 DEBUG 18344 --- [http-nio-8080-exec-1] o.s.w.s.view.freemarker.FreeMarkerView   : No FreeMarker view found for URL: error.html
2018-08-28 09:57:37.003 DEBUG 18344 --- [http-nio-8080-exec-1] o.s.w.s.v.ContentNegotiatingViewResolver : Returning [org.springframework.boot.autoconfigure.web.servlet.error.ErrorMvcAutoConfiguration$SpelView@38b4ad05] based on requested media type 'text/html'
2018-08-28 09:57:37.003 DEBUG 18344 --- [http-nio-8080-exec-1] o.s.web.servlet.DispatcherServlet        : Rendering view [org.springframework.boot.autoconfigure.web.servlet.error.ErrorMvcAutoConfiguration$SpelView@38b4ad05] in DispatcherServlet with name 'dispatcherServlet'
2018-08-28 09:57:37.064 DEBUG 18344 --- [http-nio-8080-exec-1] o.s.web.servlet.DispatcherServlet        : Successfully completed request
2018-08-28 09:57:37.175 DEBUG 18344 --- [http-nio-8080-exec-2] o.s.web.servlet.DispatcherServlet        : DispatcherServlet with name 'dispatcherServlet' processing GET request for [/favicon.ico]
2018-08-28 09:57:37.176 DEBUG 18344 --- [http-nio-8080-exec-2] o.s.w.s.handler.SimpleUrlHandlerMapping  : Matching patterns for request [/favicon.ico] are [/**/favicon.ico]
2018-08-28 09:57:37.177 DEBUG 18344 --- [http-nio-8080-exec-2] o.s.w.s.handler.SimpleUrlHandlerMapping  : URI Template variables for request [/favicon.ico] are {}
2018-08-28 09:57:37.177 DEBUG 18344 --- [http-nio-8080-exec-2] o.s.w.s.handler.SimpleUrlHandlerMapping  : Mapping [/favicon.ico] to HandlerExecutionChain with handler [ResourceHttpRequestHandler [locations=[class path resource [META-INF/resources/], class path resource [resources/], class path resource [static/], class path resource [public/], ServletContext resource [/], class path resource []], resolvers=[org.springframework.web.servlet.resource.PathResourceResolver@6659183]]] and 1 interceptor
2018-08-28 09:57:37.177 DEBUG 18344 --- [http-nio-8080-exec-2] o.s.web.servlet.DispatcherServlet        : Last-Modified value for [/favicon.ico] is: -1
2018-08-28 09:57:37.363 DEBUG 18344 --- [http-nio-8080-exec-2] o.s.web.servlet.DispatcherServlet        : Null ModelAndView returned to DispatcherServlet with name 'dispatcherServlet': assuming HandlerAdapter completed request handling
2018-08-28 09:57:37.364 DEBUG 18344 --- [http-nio-8080-exec-2] o.s.web.servlet.DispatcherServlet        : Successfully completed request
2018-08-28 09:58:17.468 DEBUG 18344 --- [http-nio-8080-exec-3] o.s.web.servlet.DispatcherServlet        : DispatcherServlet with name 'dispatcherServlet' processing GET request for [/index/info]
2018-08-28 09:58:17.469 DEBUG 18344 --- [http-nio-8080-exec-3] s.w.s.m.m.a.RequestMappingHandlerMapping : Looking up handler method for path /index/info
2018-08-28 09:58:17.469 DEBUG 18344 --- [http-nio-8080-exec-3] s.w.s.m.m.a.RequestMappingHandlerMapping : Returning handler method [public org.springframework.web.servlet.ModelAndView cn.bdqn.springbootdemo.controller.GradeController.information(org.springframework.web.servlet.ModelAndView)]
2018-08-28 09:58:17.469 DEBUG 18344 --- [http-nio-8080-exec-3] o.s.web.servlet.DispatcherServlet        : Last-Modified value for [/index/info] is: -1
2018-08-28 09:58:21.819 DEBUG 18344 --- [http-nio-8080-exec-3] o.s.w.s.v.ContentNegotiatingViewResolver : Requested media types are [text/html, application/xhtml+xml, image/webp, image/apng, application/xml;q=0.9, */*;q=0.8] based on Accept header types and producible media types [*/*])
2018-08-28 09:58:21.819 DEBUG 18344 --- [http-nio-8080-exec-3] o.s.w.servlet.view.BeanNameViewResolver  : No matching bean found for view name 'information'
2018-08-28 09:58:21.946 DEBUG 18344 --- [http-nio-8080-exec-3] o.s.w.s.v.ContentNegotiatingViewResolver : Returning [org.springframework.web.servlet.view.freemarker.FreeMarkerView: name 'information'; URL [information.html]] based on requested media type 'text/html'
2018-08-28 09:58:21.946 DEBUG 18344 --- [http-nio-8080-exec-3] o.s.web.servlet.DispatcherServlet        : Rendering view [org.springframework.web.servlet.view.freemarker.FreeMarkerView: name 'information'; URL [information.html]] in DispatcherServlet with name 'dispatcherServlet'
2018-08-28 09:58:21.947 DEBUG 18344 --- [http-nio-8080-exec-3] o.s.w.s.view.freemarker.FreeMarkerView   : Added model object 'modelAndView' of type [org.springframework.web.servlet.ModelAndView] to request in view with name 'information'
2018-08-28 09:58:21.947 DEBUG 18344 --- [http-nio-8080-exec-3] o.s.w.s.view.freemarker.FreeMarkerView   : Added model object 'org.springframework.validation.BindingResult.modelAndView' of type [org.springframework.validation.BeanPropertyBindingResult] to request in view with name 'information'
2018-08-28 09:58:21.947 DEBUG 18344 --- [http-nio-8080-exec-3] o.s.w.s.view.freemarker.FreeMarkerView   : Added model object 'list' of type [java.util.ArrayList] to request in view with name 'information'
2018-08-28 09:58:21.950 DEBUG 18344 --- [http-nio-8080-exec-3] o.s.w.s.view.freemarker.FreeMarkerView   : Rendering FreeMarker template [information.html] in FreeMarkerView 'information'
2018-08-28 09:58:21.990 DEBUG 18344 --- [http-nio-8080-exec-3] o.s.web.servlet.DispatcherServlet        : Successfully completed request
2018-08-28 09:58:22.075 DEBUG 18344 --- [http-nio-8080-exec-4] o.s.web.servlet.DispatcherServlet        : DispatcherServlet with name 'dispatcherServlet' processing GET request for [/css/home.css]
2018-08-28 09:58:22.075 DEBUG 18344 --- [http-nio-8080-exec-4] s.w.s.m.m.a.RequestMappingHandlerMapping : Looking up handler method for path /css/home.css
2018-08-28 09:58:22.076 DEBUG 18344 --- [http-nio-8080-exec-4] s.w.s.m.m.a.RequestMappingHandlerMapping : Did not find handler method for [/css/home.css]
2018-08-28 09:58:22.076 DEBUG 18344 --- [http-nio-8080-exec-4] o.s.w.s.handler.SimpleUrlHandlerMapping  : Matching patterns for request [/css/home.css] are [/**]
2018-08-28 09:58:22.076 DEBUG 18344 --- [http-nio-8080-exec-4] o.s.w.s.handler.SimpleUrlHandlerMapping  : URI Template variables for request [/css/home.css] are {}
2018-08-28 09:58:22.077 DEBUG 18344 --- [http-nio-8080-exec-4] o.s.w.s.handler.SimpleUrlHandlerMapping  : Mapping [/css/home.css] to HandlerExecutionChain with handler [ResourceHttpRequestHandler [locations=[class path resource [META-INF/resources/], class path resource [resources/], class path resource [static/], class path resource [public/], ServletContext resource [/]], resolvers=[org.springframework.web.servlet.resource.PathResourceResolver@25fdb807]]] and 1 interceptor
2018-08-28 09:58:22.077 DEBUG 18344 --- [http-nio-8080-exec-4] o.s.web.servlet.DispatcherServlet        : Last-Modified value for [/css/home.css] is: -1
2018-08-28 09:58:22.329 DEBUG 18344 --- [http-nio-8080-exec-4] o.s.web.servlet.DispatcherServlet        : Null ModelAndView returned to DispatcherServlet with name 'dispatcherServlet': assuming HandlerAdapter completed request handling
2018-08-28 09:58:22.330 DEBUG 18344 --- [http-nio-8080-exec-4] o.s.web.servlet.DispatcherServlet        : Successfully completed request
2018-08-28 09:58:22.336 DEBUG 18344 --- [http-nio-8080-exec-5] o.s.web.servlet.DispatcherServlet        : DispatcherServlet with name 'dispatcherServlet' processing GET request for [/images/php_item_bg.png]
2018-08-28 09:58:22.336 DEBUG 18344 --- [http-nio-8080-exec-5] s.w.s.m.m.a.RequestMappingHandlerMapping : Looking up handler method for path /images/php_item_bg.png
2018-08-28 09:58:22.338 DEBUG 18344 --- [http-nio-8080-exec-5] s.w.s.m.m.a.RequestMappingHandlerMapping : Did not find handler method for [/images/php_item_bg.png]
2018-08-28 09:58:22.339 DEBUG 18344 --- [http-nio-8080-exec-5] o.s.w.s.handler.SimpleUrlHandlerMapping  : Matching patterns for request [/images/php_item_bg.png] are [/**]
2018-08-28 09:58:22.339 DEBUG 18344 --- [http-nio-8080-exec-5] o.s.w.s.handler.SimpleUrlHandlerMapping  : URI Template variables for request [/images/php_item_bg.png] are {}
2018-08-28 09:58:22.339 DEBUG 18344 --- [http-nio-8080-exec-5] o.s.w.s.handler.SimpleUrlHandlerMapping  : Mapping [/images/php_item_bg.png] to HandlerExecutionChain with handler [ResourceHttpRequestHandler [locations=[class path resource [META-INF/resources/], class path resource [resources/], class path resource [static/], class path resource [public/], ServletContext resource [/]], resolvers=[org.springframework.web.servlet.resource.PathResourceResolver@25fdb807]]] and 1 interceptor
2018-08-28 09:58:22.339 DEBUG 18344 --- [http-nio-8080-exec-5] o.s.web.servlet.DispatcherServlet        : Last-Modified value for [/images/php_item_bg.png] is: -1
2018-08-28 09:58:22.341 DEBUG 18344 --- [http-nio-8080-exec-5] o.s.web.servlet.DispatcherServlet        : Null ModelAndView returned to DispatcherServlet with name 'dispatcherServlet': assuming HandlerAdapter completed request handling
2018-08-28 09:58:22.341 DEBUG 18344 --- [http-nio-8080-exec-5] o.s.web.servlet.DispatcherServlet        : Successfully completed request
2018-08-28 09:58:22.344 DEBUG 18344 --- [http-nio-8080-exec-6] o.s.web.servlet.DispatcherServlet        : DispatcherServlet with name 'dispatcherServlet' processing GET request for [/images/php_fn_bg.png]
2018-08-28 09:58:22.344 DEBUG 18344 --- [http-nio-8080-exec-6] s.w.s.m.m.a.RequestMappingHandlerMapping : Looking up handler method for path /images/php_fn_bg.png
2018-08-28 09:58:22.346 DEBUG 18344 --- [http-nio-8080-exec-6] s.w.s.m.m.a.RequestMappingHandlerMapping : Did not find handler method for [/images/php_fn_bg.png]
2018-08-28 09:58:22.347 DEBUG 18344 --- [http-nio-8080-exec-6] o.s.w.s.handler.SimpleUrlHandlerMapping  : Matching patterns for request [/images/php_fn_bg.png] are [/**]
2018-08-28 09:58:22.347 DEBUG 18344 --- [http-nio-8080-exec-6] o.s.w.s.handler.SimpleUrlHandlerMapping  : URI Template variables for request [/images/php_fn_bg.png] are {}
2018-08-28 09:58:22.347 DEBUG 18344 --- [http-nio-8080-exec-6] o.s.w.s.handler.SimpleUrlHandlerMapping  : Mapping [/images/php_fn_bg.png] to HandlerExecutionChain with handler [ResourceHttpRequestHandler [locations=[class path resource [META-INF/resources/], class path resource [resources/], class path resource [static/], class path resource [public/], ServletContext resource [/]], resolvers=[org.springframework.web.servlet.resource.PathResourceResolver@25fdb807]]] and 1 interceptor
2018-08-28 09:58:22.347 DEBUG 18344 --- [http-nio-8080-exec-6] o.s.web.servlet.DispatcherServlet        : Last-Modified value for [/images/php_fn_bg.png] is: -1
2018-08-28 09:58:22.351 DEBUG 18344 --- [http-nio-8080-exec-6] o.s.web.servlet.DispatcherServlet        : Null ModelAndView returned to DispatcherServlet with name 'dispatcherServlet': assuming HandlerAdapter completed request handling
2018-08-28 09:58:22.352 DEBUG 18344 --- [http-nio-8080-exec-6] o.s.web.servlet.DispatcherServlet        : Successfully completed request
